<?xml version="1.0" encoding="UTF-8"?>
<!-- Generated by org.testng.reporters.JUnitReportReporter -->
<testsuite hostname="DESKTOP-LTRT9QS" failures="0" tests="1" name="com.tsetng.demo.AnnotaionsTestNg" time="0.019" errors="0" timestamp="2024-07-30T20:29:14 IST" skipped="0">
  <testcase classname="com.tsetng.demo.AnnotaionsTestNg" name="TC" time="0.019"/>
  <system-out>
    <![CDATA[Actuel TC]]>
  </system-out>
</testsuite> <!-- com.tsetng.demo.AnnotaionsTestNg -->
