<?xml version="1.0" encoding="UTF-8"?>
<!-- Generated by org.testng.reporters.JUnitReportReporter -->
<testsuite hostname="DESKTOP-LTRT9QS" failures="0" tests="3" name="com.tsetng.demo.Batch.Sample3" time="0.057" errors="0" timestamp="2024-07-31T20:41:42 IST" skipped="0">
  <testcase classname="com.tsetng.demo.Batch.Sample3" name="TC2" time="0.019"/>
  <system-out>
    <![CDATA[Sample3]]>
  </system-out>
  <testcase classname="com.tsetng.demo.Batch.Sample3" name="TC1" time="0.019"/>
  <system-out>
    <![CDATA[Sample3]]>
  </system-out>
  <testcase classname="com.tsetng.demo.Batch.Sample3" name="TC3" time="0.019"/>
  <system-out>
    <![CDATA[Sample3]]>
  </system-out>
</testsuite> <!-- com.tsetng.demo.Batch.Sample3 -->
