<?xml version="1.0" encoding="UTF-8"?>
<!-- Generated by org.testng.reporters.JUnitReportReporter -->
<testsuite hostname="DESKTOP-LTRT9QS" failures="0" tests="4" name="com.tsetng.demo.PriorityTests" time="0.017" errors="0" timestamp="2024-07-29T22:46:51 IST" skipped="2">
  <testcase classname="com.tsetng.demo.PriorityTests" name="testMethod" time="0.013">
    <skipped/>
  </testcase> <!-- testMethod -->
  <system-out/>
  <testcase classname="com.tsetng.demo.PriorityTests" name="mySec" time="0.003"/>
  <system-out>
    <![CDATA[Good Afternoon]]>
  </system-out>
  <testcase classname="com.tsetng.demo.PriorityTests" name="myThrird" time="0.001"/>
  <system-out>
    <![CDATA[Good Evining]]>
  </system-out>
  <testcase classname="com.tsetng.demo.PriorityTests" name="myfirst">
    <skipped/>
  </testcase> <!-- myfirst -->
  <system-out/>
</testsuite> <!-- com.tsetng.demo.PriorityTests -->
