<?xml version="1.0" encoding="UTF-8"?>
<!-- Generated by org.testng.reporters.JUnitReportReporter -->
<testsuite hostname="DESKTOP-LTRT9QS" failures="0" tests="3" name="com.tsetng.demo.Batch.Sample2" time="0.022" errors="0" timestamp="2024-07-31T20:41:42 IST" skipped="0">
  <testcase classname="com.tsetng.demo.Batch.Sample2" name="TC1" time="0.015"/>
  <system-out>
    <![CDATA[Sample2]]>
  </system-out>
  <testcase classname="com.tsetng.demo.Batch.Sample2" name="TC3" time="0.005"/>
  <system-out>
    <![CDATA[Sample2]]>
  </system-out>
  <testcase classname="com.tsetng.demo.Batch.Sample2" name="TC2" time="0.002"/>
  <system-out>
    <![CDATA[Sample2]]>
  </system-out>
</testsuite> <!-- com.tsetng.demo.Batch.Sample2 -->
