<?xml version="1.0" encoding="UTF-8"?>
<!-- Generated by org.testng.reporters.JUnitReportReporter -->
<testsuite hostname="DESKTOP-LTRT9QS" failures="0" tests="3" name="com.tsetng.demo.DemoTest" time="0.019" errors="0" timestamp="2024-07-29T20:18:53 IST" skipped="0">
  <testcase classname="com.tsetng.demo.DemoTest" name="seond" time="0.002"/>
  <system-out>
    <![CDATA[My second test]]>
  </system-out>
  <testcase classname="com.tsetng.demo.DemoTest" name="first" time="0.013"/>
  <system-out>
    <![CDATA[am the first Testng]]>
  </system-out>
  <testcase classname="com.tsetng.demo.DemoTest" name="third" time="0.004"/>
  <system-out>
    <![CDATA[My second third]]>
  </system-out>
</testsuite> <!-- com.tsetng.demo.DemoTest -->
